{"C:\\Users\\nikhi\\Desktop\\projects\\SingleDiceBettingGame\\src\\App.js": {"path":"C:\\Users\\nikhi\\Desktop\\projects\\SingleDiceBettingGame\\src\\App.js","statementMap":{"0":{"start":{"line":4,"column":2},"end":{"line":8,"column":4}}},"fnMap":{"0":{"name":"App","decl":{"start":{"line":3,"column":24},"end":{"line":3,"column":27}},"loc":{"start":{"line":3,"column":30},"end":{"line":9,"column":1}},"line":3}},"branchMap":{},"s":{"0":2},"f":{"0":2},"b":{},"_coverageSchema":"1a1c01bbd47fc00a2c39e90264f33305004495a9","hash":"cc5427a98d2e1a865459ac6293e5c631f4f4cd39"}
,"C:\\Users\\nikhi\\Desktop\\projects\\SingleDiceBettingGame\\src\\actionTypes.js": {"path":"C:\\Users\\nikhi\\Desktop\\projects\\SingleDiceBettingGame\\src\\actionTypes.js","statementMap":{"0":{"start":{"line":1,"column":28},"end":{"line":1,"column":42}},"1":{"start":{"line":2,"column":30},"end":{"line":2,"column":46}},"2":{"start":{"line":3,"column":26},"end":{"line":3,"column":38}},"3":{"start":{"line":4,"column":27},"end":{"line":4,"column":40}},"4":{"start":{"line":5,"column":29},"end":{"line":5,"column":44}},"5":{"start":{"line":6,"column":28},"end":{"line":6,"column":42}},"6":{"start":{"line":7,"column":34},"end":{"line":7,"column":54}}},"fnMap":{},"branchMap":{},"s":{"0":1,"1":1,"2":1,"3":1,"4":1,"5":1,"6":1},"f":{},"b":{},"_coverageSchema":"1a1c01bbd47fc00a2c39e90264f33305004495a9","hash":"14a3cee497b3f3ab1a0aa9e4cd15bb32c310409a"}
,"C:\\Users\\nikhi\\Desktop\\projects\\SingleDiceBettingGame\\src\\actions.js": {"path":"C:\\Users\\nikhi\\Desktop\\projects\\SingleDiceBettingGame\\src\\actions.js","statementMap":{"0":{"start":{"line":11,"column":20},"end":{"line":16,"column":1}},"1":{"start":{"line":12,"column":2},"end":{"line":15,"column":4}},"2":{"start":{"line":18,"column":18},"end":{"line":22,"column":1}},"3":{"start":{"line":19,"column":2},"end":{"line":21,"column":4}},"4":{"start":{"line":24,"column":22},"end":{"line":29,"column":1}},"5":{"start":{"line":25,"column":2},"end":{"line":28,"column":4}},"6":{"start":{"line":31,"column":19},"end":{"line":36,"column":1}},"7":{"start":{"line":32,"column":2},"end":{"line":35,"column":4}},"8":{"start":{"line":38,"column":21},"end":{"line":42,"column":1}},"9":{"start":{"line":39,"column":2},"end":{"line":41,"column":4}},"10":{"start":{"line":44,"column":20},"end":{"line":48,"column":1}},"11":{"start":{"line":45,"column":2},"end":{"line":47,"column":4}},"12":{"start":{"line":50,"column":29},"end":{"line":55,"column":1}},"13":{"start":{"line":51,"column":2},"end":{"line":54,"column":4}}},"fnMap":{"0":{"name":"(anonymous_0)","decl":{"start":{"line":11,"column":20},"end":{"line":11,"column":21}},"loc":{"start":{"line":11,"column":33},"end":{"line":16,"column":1}},"line":11},"1":{"name":"(anonymous_1)","decl":{"start":{"line":18,"column":18},"end":{"line":18,"column":19}},"loc":{"start":{"line":18,"column":24},"end":{"line":22,"column":1}},"line":18},"2":{"name":"(anonymous_2)","decl":{"start":{"line":24,"column":22},"end":{"line":24,"column":23}},"loc":{"start":{"line":24,"column":35},"end":{"line":29,"column":1}},"line":24},"3":{"name":"(anonymous_3)","decl":{"start":{"line":31,"column":19},"end":{"line":31,"column":20}},"loc":{"start":{"line":31,"column":31},"end":{"line":36,"column":1}},"line":31},"4":{"name":"(anonymous_4)","decl":{"start":{"line":38,"column":21},"end":{"line":38,"column":22}},"loc":{"start":{"line":38,"column":33},"end":{"line":42,"column":1}},"line":38},"5":{"name":"(anonymous_5)","decl":{"start":{"line":44,"column":20},"end":{"line":44,"column":21}},"loc":{"start":{"line":44,"column":32},"end":{"line":48,"column":1}},"line":44},"6":{"name":"(anonymous_6)","decl":{"start":{"line":50,"column":29},"end":{"line":50,"column":30}},"loc":{"start":{"line":50,"column":41},"end":{"line":55,"column":1}},"line":50}},"branchMap":{},"s":{"0":1,"1":0,"2":1,"3":0,"4":1,"5":0,"6":1,"7":0,"8":1,"9":1,"10":1,"11":0,"12":1,"13":0},"f":{"0":0,"1":0,"2":0,"3":0,"4":1,"5":0,"6":0},"b":{},"_coverageSchema":"1a1c01bbd47fc00a2c39e90264f33305004495a9","hash":"d1371bbcd87ecb854fb35ec54ae4c45519b629da"}
,"C:\\Users\\nikhi\\Desktop\\projects\\SingleDiceBettingGame\\src\\index.js": {"path":"C:\\Users\\nikhi\\Desktop\\projects\\SingleDiceBettingGame\\src\\index.js","statementMap":{"0":{"start":{"line":9,"column":13},"end":{"line":9,"column":65}},"1":{"start":{"line":10,"column":0},"end":{"line":16,"column":2}},"2":{"start":{"line":21,"column":0},"end":{"line":21,"column":18}}},"fnMap":{},"branchMap":{},"s":{"0":0,"1":0,"2":0},"f":{},"b":{}}
,"C:\\Users\\nikhi\\Desktop\\projects\\SingleDiceBettingGame\\src\\reducer.js": {"path":"C:\\Users\\nikhi\\Desktop\\projects\\SingleDiceBettingGame\\src\\reducer.js","statementMap":{"0":{"start":{"line":10,"column":30},"end":{"line":17,"column":1}},"1":{"start":{"line":19,"column":21},"end":{"line":24,"column":1}},"2":{"start":{"line":26,"column":16},"end":{"line":74,"column":1}},"3":{"start":{"line":27,"column":2},"end":{"line":73,"column":3}},"4":{"start":{"line":29,"column":23},"end":{"line":29,"column":37}},"5":{"start":{"line":30,"column":26},"end":{"line":30,"column":47}},"6":{"start":{"line":31,"column":25},"end":{"line":31,"column":48}},"7":{"start":{"line":32,"column":6},"end":{"line":32,"column":32}},"8":{"start":{"line":33,"column":6},"end":{"line":37,"column":8}},"9":{"start":{"line":40,"column":6},"end":{"line":43,"column":8}},"10":{"start":{"line":46,"column":21},"end":{"line":46,"column":35}},"11":{"start":{"line":47,"column":6},"end":{"line":50,"column":8}},"12":{"start":{"line":53,"column":6},"end":{"line":56,"column":8}},"13":{"start":{"line":59,"column":6},"end":{"line":62,"column":8}},"14":{"start":{"line":65,"column":29},"end":{"line":65,"column":43}},"15":{"start":{"line":66,"column":6},"end":{"line":69,"column":8}},"16":{"start":{"line":72,"column":6},"end":{"line":72,"column":19}}},"fnMap":{"0":{"name":"(anonymous_0)","decl":{"start":{"line":26,"column":16},"end":{"line":26,"column":17}},"loc":{"start":{"line":26,"column":50},"end":{"line":74,"column":1}},"line":26}},"branchMap":{"0":{"loc":{"start":{"line":26,"column":17},"end":{"line":26,"column":37}},"type":"default-arg","locations":[{"start":{"line":26,"column":25},"end":{"line":26,"column":37}}],"line":26},"1":{"loc":{"start":{"line":27,"column":2},"end":{"line":73,"column":3}},"type":"switch","locations":[{"start":{"line":28,"column":4},"end":{"line":37,"column":8}},{"start":{"line":39,"column":4},"end":{"line":43,"column":8}},{"start":{"line":45,"column":4},"end":{"line":50,"column":8}},{"start":{"line":52,"column":4},"end":{"line":56,"column":8}},{"start":{"line":58,"column":4},"end":{"line":62,"column":8}},{"start":{"line":64,"column":4},"end":{"line":69,"column":8}},{"start":{"line":71,"column":4},"end":{"line":72,"column":19}}],"line":27}},"s":{"0":1,"1":1,"2":1,"3":2,"4":0,"5":0,"6":0,"7":0,"8":0,"9":0,"10":0,"11":0,"12":1,"13":0,"14":0,"15":0,"16":1},"f":{"0":2},"b":{"0":[1],"1":[0,0,0,1,0,0,1]},"_coverageSchema":"1a1c01bbd47fc00a2c39e90264f33305004495a9","hash":"0d4346beace74fd12478730de58ec94cc8f55ea9"}
,"C:\\Users\\nikhi\\Desktop\\projects\\SingleDiceBettingGame\\src\\reportWebVitals.js": {"path":"C:\\Users\\nikhi\\Desktop\\projects\\SingleDiceBettingGame\\src\\reportWebVitals.js","statementMap":{"0":{"start":{"line":1,"column":24},"end":{"line":11,"column":1}},"1":{"start":{"line":2,"column":2},"end":{"line":10,"column":3}},"2":{"start":{"line":3,"column":4},"end":{"line":9,"column":7}},"3":{"start":{"line":4,"column":6},"end":{"line":4,"column":26}},"4":{"start":{"line":5,"column":6},"end":{"line":5,"column":26}},"5":{"start":{"line":6,"column":6},"end":{"line":6,"column":26}},"6":{"start":{"line":7,"column":6},"end":{"line":7,"column":26}},"7":{"start":{"line":8,"column":6},"end":{"line":8,"column":27}}},"fnMap":{"0":{"name":"(anonymous_0)","decl":{"start":{"line":1,"column":24},"end":{"line":1,"column":25}},"loc":{"start":{"line":1,"column":39},"end":{"line":11,"column":1}},"line":1},"1":{"name":"(anonymous_1)","decl":{"start":{"line":3,"column":30},"end":{"line":3,"column":31}},"loc":{"start":{"line":3,"column":79},"end":{"line":9,"column":5}},"line":3}},"branchMap":{"0":{"loc":{"start":{"line":2,"column":2},"end":{"line":10,"column":3}},"type":"if","locations":[{"start":{"line":2,"column":2},"end":{"line":10,"column":3}},{"start":{},"end":{}}],"line":2},"1":{"loc":{"start":{"line":2,"column":6},"end":{"line":2,"column":52}},"type":"binary-expr","locations":[{"start":{"line":2,"column":6},"end":{"line":2,"column":17}},{"start":{"line":2,"column":21},"end":{"line":2,"column":52}}],"line":2}},"s":{"0":0,"1":0,"2":0,"3":0,"4":0,"5":0,"6":0,"7":0},"f":{"0":0,"1":0},"b":{"0":[0,0],"1":[0,0]}}
,"C:\\Users\\nikhi\\Desktop\\projects\\SingleDiceBettingGame\\src\\store.js": {"path":"C:\\Users\\nikhi\\Desktop\\projects\\SingleDiceBettingGame\\src\\store.js","statementMap":{"0":{"start":{"line":4,"column":21},"end":{"line":6,"column":2}}},"fnMap":{},"branchMap":{},"s":{"0":1},"f":{},"b":{},"_coverageSchema":"1a1c01bbd47fc00a2c39e90264f33305004495a9","hash":"d895643470e9325939e87abd8f523689991f41f5"}
,"C:\\Users\\nikhi\\Desktop\\projects\\SingleDiceBettingGame\\src\\Config\\Constants.js": {"path":"C:\\Users\\nikhi\\Desktop\\projects\\SingleDiceBettingGame\\src\\Config\\Constants.js","statementMap":{"0":{"start":{"line":1,"column":26},"end":{"line":8,"column":1}},"1":{"start":{"line":10,"column":25},"end":{"line":17,"column":1}}},"fnMap":{},"branchMap":{},"s":{"0":1,"1":1},"f":{},"b":{},"_coverageSchema":"1a1c01bbd47fc00a2c39e90264f33305004495a9","hash":"87b29eb75bce531fb0297979422743c61931f887"}
,"C:\\Users\\nikhi\\Desktop\\projects\\SingleDiceBettingGame\\src\\components\\BetItemPlacer\\index.js": {"path":"C:\\Users\\nikhi\\Desktop\\projects\\SingleDiceBettingGame\\src\\components\\BetItemPlacer\\index.js","statementMap":{"0":{"start":{"line":15,"column":20},"end":{"line":15,"column":68}},"1":{"start":{"line":15,"column":43},"end":{"line":15,"column":67}},"2":{"start":{"line":16,"column":22},"end":{"line":16,"column":63}},"3":{"start":{"line":16,"column":45},"end":{"line":16,"column":62}},"4":{"start":{"line":17,"column":25},"end":{"line":17,"column":69}},"5":{"start":{"line":17,"column":48},"end":{"line":17,"column":68}},"6":{"start":{"line":18,"column":23},"end":{"line":18,"column":65}},"7":{"start":{"line":18,"column":46},"end":{"line":18,"column":64}},"8":{"start":{"line":19,"column":19},"end":{"line":19,"column":32}},"9":{"start":{"line":21,"column":2},"end":{"line":21,"column":31}},"10":{"start":{"line":21,"column":19},"end":{"line":21,"column":31}},"11":{"start":{"line":23,"column":27},"end":{"line":29,"column":3}},"12":{"start":{"line":24,"column":4},"end":{"line":28,"column":5}},"13":{"start":{"line":25,"column":6},"end":{"line":25,"column":36}},"14":{"start":{"line":27,"column":6},"end":{"line":27,"column":39}},"15":{"start":{"line":31,"column":2},"end":{"line":44,"column":4}}},"fnMap":{"0":{"name":"BetItemPlacer","decl":{"start":{"line":11,"column":24},"end":{"line":11,"column":37}},"loc":{"start":{"line":14,"column":3},"end":{"line":45,"column":1}},"line":14},"1":{"name":"(anonymous_1)","decl":{"start":{"line":15,"column":32},"end":{"line":15,"column":33}},"loc":{"start":{"line":15,"column":43},"end":{"line":15,"column":67}},"line":15},"2":{"name":"(anonymous_2)","decl":{"start":{"line":16,"column":34},"end":{"line":16,"column":35}},"loc":{"start":{"line":16,"column":45},"end":{"line":16,"column":62}},"line":16},"3":{"name":"(anonymous_3)","decl":{"start":{"line":17,"column":37},"end":{"line":17,"column":38}},"loc":{"start":{"line":17,"column":48},"end":{"line":17,"column":68}},"line":17},"4":{"name":"(anonymous_4)","decl":{"start":{"line":18,"column":35},"end":{"line":18,"column":36}},"loc":{"start":{"line":18,"column":46},"end":{"line":18,"column":64}},"line":18},"5":{"name":"(anonymous_5)","decl":{"start":{"line":23,"column":27},"end":{"line":23,"column":28}},"loc":{"start":{"line":23,"column":33},"end":{"line":29,"column":3}},"line":23}},"branchMap":{"0":{"loc":{"start":{"line":21,"column":2},"end":{"line":21,"column":31}},"type":"if","locations":[{"start":{"line":21,"column":2},"end":{"line":21,"column":31}},{"start":{},"end":{}}],"line":21},"1":{"loc":{"start":{"line":24,"column":4},"end":{"line":28,"column":5}},"type":"if","locations":[{"start":{"line":24,"column":4},"end":{"line":28,"column":5}},{"start":{"line":26,"column":11},"end":{"line":28,"column":5}}],"line":24}},"s":{"0":12,"1":24,"2":12,"3":24,"4":12,"5":24,"6":12,"7":24,"8":12,"9":12,"10":0,"11":12,"12":0,"13":0,"14":0,"15":12},"f":{"0":12,"1":24,"2":24,"3":24,"4":24,"5":0},"b":{"0":[0,12],"1":[0,0]},"_coverageSchema":"1a1c01bbd47fc00a2c39e90264f33305004495a9","hash":"24d790ad43648c8276c53ca1e42cd0f97527c68a"}
,"C:\\Users\\nikhi\\Desktop\\projects\\SingleDiceBettingGame\\src\\components\\BetItemPlacer\\styleComponents.js": {"path":"C:\\Users\\nikhi\\Desktop\\projects\\SingleDiceBettingGame\\src\\components\\BetItemPlacer\\styleComponents.js","statementMap":{"0":{"start":{"line":4,"column":32},"end":{"line":15,"column":1}},"1":{"start":{"line":13,"column":30},"end":{"line":13,"column":68}},"2":{"start":{"line":17,"column":25},"end":{"line":20,"column":1}},"3":{"start":{"line":22,"column":33},"end":{"line":31,"column":1}},"4":{"start":{"line":33,"column":32},"end":{"line":37,"column":1}},"5":{"start":{"line":39,"column":30},"end":{"line":43,"column":1}}},"fnMap":{"0":{"name":"(anonymous_0)","decl":{"start":{"line":13,"column":22},"end":{"line":13,"column":23}},"loc":{"start":{"line":13,"column":30},"end":{"line":13,"column":68}},"line":13}},"branchMap":{"0":{"loc":{"start":{"line":13,"column":30},"end":{"line":13,"column":68}},"type":"cond-expr","locations":[{"start":{"line":13,"column":49},"end":{"line":13,"column":58}},{"start":{"line":13,"column":59},"end":{"line":13,"column":68}}],"line":13}},"s":{"0":1,"1":12,"2":1,"3":1,"4":1,"5":1},"f":{"0":12},"b":{"0":[0,12]},"_coverageSchema":"1a1c01bbd47fc00a2c39e90264f33305004495a9","hash":"3d7c2ba5206b978432d23da92a86924cfbb0f9af"}
,"C:\\Users\\nikhi\\Desktop\\projects\\SingleDiceBettingGame\\src\\components\\BetProcess\\index.js": {"path":"C:\\Users\\nikhi\\Desktop\\projects\\SingleDiceBettingGame\\src\\components\\BetProcess\\index.js","statementMap":{"0":{"start":{"line":21,"column":44},"end":{"line":21,"column":59}},"1":{"start":{"line":22,"column":52},"end":{"line":22,"column":63}},"2":{"start":{"line":23,"column":20},"end":{"line":23,"column":32}},"3":{"start":{"line":25,"column":21},"end":{"line":25,"column":61}},"4":{"start":{"line":25,"column":44},"end":{"line":25,"column":60}},"5":{"start":{"line":26,"column":22},"end":{"line":26,"column":63}},"6":{"start":{"line":26,"column":45},"end":{"line":26,"column":62}},"7":{"start":{"line":27,"column":27},"end":{"line":27,"column":69}},"8":{"start":{"line":27,"column":50},"end":{"line":27,"column":68}},"9":{"start":{"line":28,"column":25},"end":{"line":28,"column":69}},"10":{"start":{"line":28,"column":48},"end":{"line":28,"column":68}},"11":{"start":{"line":30,"column":19},"end":{"line":30,"column":32}},"12":{"start":{"line":32,"column":2},"end":{"line":37,"column":9}},"13":{"start":{"line":33,"column":4},"end":{"line":33,"column":19}},"14":{"start":{"line":34,"column":4},"end":{"line":36,"column":6}},"15":{"start":{"line":35,"column":6},"end":{"line":35,"column":39}},"16":{"start":{"line":39,"column":2},"end":{"line":43,"column":26}},"17":{"start":{"line":42,"column":4},"end":{"line":42,"column":59}},"18":{"start":{"line":42,"column":34},"end":{"line":42,"column":59}},"19":{"start":{"line":45,"column":23},"end":{"line":55,"column":3}},"20":{"start":{"line":46,"column":4},"end":{"line":49,"column":5}},"21":{"start":{"line":47,"column":6},"end":{"line":47,"column":51}},"22":{"start":{"line":48,"column":6},"end":{"line":48,"column":13}},"23":{"start":{"line":51,"column":4},"end":{"line":51,"column":29}},"24":{"start":{"line":52,"column":4},"end":{"line":54,"column":13}},"25":{"start":{"line":53,"column":6},"end":{"line":53,"column":53}},"26":{"start":{"line":53,"column":40},"end":{"line":53,"column":51}},"27":{"start":{"line":57,"column":33},"end":{"line":74,"column":3}},"28":{"start":{"line":58,"column":4},"end":{"line":58,"column":60}},"29":{"start":{"line":58,"column":27},"end":{"line":58,"column":60}},"30":{"start":{"line":60,"column":4},"end":{"line":60,"column":28}},"31":{"start":{"line":61,"column":4},"end":{"line":61,"column":27}},"32":{"start":{"line":62,"column":4},"end":{"line":62,"column":28}},"33":{"start":{"line":63,"column":4},"end":{"line":69,"column":15}},"34":{"start":{"line":64,"column":25},"end":{"line":64,"column":59}},"35":{"start":{"line":65,"column":6},"end":{"line":65,"column":60}},"36":{"start":{"line":66,"column":6},"end":{"line":66,"column":30}},"37":{"start":{"line":67,"column":27},"end":{"line":67,"column":64}},"38":{"start":{"line":68,"column":6},"end":{"line":68,"column":38}},"39":{"start":{"line":71,"column":4},"end":{"line":73,"column":15}},"40":{"start":{"line":72,"column":6},"end":{"line":72,"column":20}},"41":{"start":{"line":76,"column":28},"end":{"line":80,"column":3}},"42":{"start":{"line":77,"column":4},"end":{"line":79,"column":15}},"43":{"start":{"line":78,"column":6},"end":{"line":78,"column":41}},"44":{"start":{"line":82,"column":22},"end":{"line":86,"column":3}},"45":{"start":{"line":83,"column":4},"end":{"line":83,"column":26}},"46":{"start":{"line":84,"column":4},"end":{"line":84,"column":41}},"47":{"start":{"line":85,"column":4},"end":{"line":85,"column":19}},"48":{"start":{"line":88,"column":28},"end":{"line":102,"column":74}},"49":{"start":{"line":89,"column":4},"end":{"line":94,"column":8}},"50":{"start":{"line":90,"column":6},"end":{"line":94,"column":8}},"51":{"start":{"line":96,"column":4},"end":{"line":96,"column":76}},"52":{"start":{"line":96,"column":23},"end":{"line":96,"column":76}},"53":{"start":{"line":98,"column":4},"end":{"line":99,"column":74}},"54":{"start":{"line":99,"column":6},"end":{"line":99,"column":74}},"55":{"start":{"line":101,"column":4},"end":{"line":101,"column":16}},"56":{"start":{"line":104,"column":2},"end":{"line":117,"column":4}}},"fnMap":{"0":{"name":"BetProcess","decl":{"start":{"line":20,"column":24},"end":{"line":20,"column":34}},"loc":{"start":{"line":20,"column":37},"end":{"line":118,"column":1}},"line":20},"1":{"name":"(anonymous_1)","decl":{"start":{"line":25,"column":33},"end":{"line":25,"column":34}},"loc":{"start":{"line":25,"column":44},"end":{"line":25,"column":60}},"line":25},"2":{"name":"(anonymous_2)","decl":{"start":{"line":26,"column":34},"end":{"line":26,"column":35}},"loc":{"start":{"line":26,"column":45},"end":{"line":26,"column":62}},"line":26},"3":{"name":"(anonymous_3)","decl":{"start":{"line":27,"column":39},"end":{"line":27,"column":40}},"loc":{"start":{"line":27,"column":50},"end":{"line":27,"column":68}},"line":27},"4":{"name":"(anonymous_4)","decl":{"start":{"line":28,"column":37},"end":{"line":28,"column":38}},"loc":{"start":{"line":28,"column":48},"end":{"line":28,"column":68}},"line":28},"5":{"name":"(anonymous_5)","decl":{"start":{"line":32,"column":12},"end":{"line":32,"column":13}},"loc":{"start":{"line":32,"column":18},"end":{"line":37,"column":3}},"line":32},"6":{"name":"(anonymous_6)","decl":{"start":{"line":34,"column":11},"end":{"line":34,"column":12}},"loc":{"start":{"line":34,"column":17},"end":{"line":36,"column":5}},"line":34},"7":{"name":"(anonymous_7)","decl":{"start":{"line":39,"column":12},"end":{"line":39,"column":13}},"loc":{"start":{"line":39,"column":18},"end":{"line":43,"column":3}},"line":39},"8":{"name":"(anonymous_8)","decl":{"start":{"line":45,"column":23},"end":{"line":45,"column":24}},"loc":{"start":{"line":45,"column":29},"end":{"line":55,"column":3}},"line":45},"9":{"name":"(anonymous_9)","decl":{"start":{"line":52,"column":36},"end":{"line":52,"column":37}},"loc":{"start":{"line":52,"column":42},"end":{"line":54,"column":5}},"line":52},"10":{"name":"(anonymous_10)","decl":{"start":{"line":53,"column":27},"end":{"line":53,"column":28}},"loc":{"start":{"line":53,"column":40},"end":{"line":53,"column":51}},"line":53},"11":{"name":"(anonymous_11)","decl":{"start":{"line":57,"column":33},"end":{"line":57,"column":34}},"loc":{"start":{"line":57,"column":39},"end":{"line":74,"column":3}},"line":57},"12":{"name":"(anonymous_12)","decl":{"start":{"line":63,"column":15},"end":{"line":63,"column":16}},"loc":{"start":{"line":63,"column":21},"end":{"line":69,"column":5}},"line":63},"13":{"name":"(anonymous_13)","decl":{"start":{"line":71,"column":15},"end":{"line":71,"column":16}},"loc":{"start":{"line":71,"column":21},"end":{"line":73,"column":5}},"line":71},"14":{"name":"(anonymous_14)","decl":{"start":{"line":76,"column":28},"end":{"line":76,"column":29}},"loc":{"start":{"line":76,"column":46},"end":{"line":80,"column":3}},"line":76},"15":{"name":"(anonymous_15)","decl":{"start":{"line":77,"column":15},"end":{"line":77,"column":16}},"loc":{"start":{"line":77,"column":21},"end":{"line":79,"column":5}},"line":77},"16":{"name":"(anonymous_16)","decl":{"start":{"line":82,"column":22},"end":{"line":82,"column":23}},"loc":{"start":{"line":82,"column":28},"end":{"line":86,"column":3}},"line":82},"17":{"name":"(anonymous_17)","decl":{"start":{"line":88,"column":40},"end":{"line":88,"column":41}},"loc":{"start":{"line":88,"column":46},"end":{"line":102,"column":3}},"line":88}},"branchMap":{"0":{"loc":{"start":{"line":42,"column":4},"end":{"line":42,"column":59}},"type":"if","locations":[{"start":{"line":42,"column":4},"end":{"line":42,"column":59}},{"start":{},"end":{}}],"line":42},"1":{"loc":{"start":{"line":46,"column":4},"end":{"line":49,"column":5}},"type":"if","locations":[{"start":{"line":46,"column":4},"end":{"line":49,"column":5}},{"start":{},"end":{}}],"line":46},"2":{"loc":{"start":{"line":58,"column":4},"end":{"line":58,"column":60}},"type":"if","locations":[{"start":{"line":58,"column":4},"end":{"line":58,"column":60}},{"start":{},"end":{}}],"line":58},"3":{"loc":{"start":{"line":89,"column":4},"end":{"line":94,"column":8}},"type":"if","locations":[{"start":{"line":89,"column":4},"end":{"line":94,"column":8}},{"start":{},"end":{}}],"line":89},"4":{"loc":{"start":{"line":96,"column":4},"end":{"line":96,"column":76}},"type":"if","locations":[{"start":{"line":96,"column":4},"end":{"line":96,"column":76}},{"start":{},"end":{}}],"line":96},"5":{"loc":{"start":{"line":98,"column":4},"end":{"line":99,"column":74}},"type":"if","locations":[{"start":{"line":98,"column":4},"end":{"line":99,"column":74}},{"start":{},"end":{}}],"line":98},"6":{"loc":{"start":{"line":109,"column":7},"end":{"line":115,"column":7}},"type":"binary-expr","locations":[{"start":{"line":109,"column":7},"end":{"line":109,"column":21}},{"start":{"line":110,"column":8},"end":{"line":114,"column":20}}],"line":109},"7":{"loc":{"start":{"line":111,"column":11},"end":{"line":113,"column":34}},"type":"cond-expr","locations":[{"start":{"line":112,"column":14},"end":{"line":112,"column":63}},{"start":{"line":113,"column":14},"end":{"line":113,"column":34}}],"line":111}},"s":{"0":2,"1":2,"2":2,"3":2,"4":4,"5":2,"6":4,"7":2,"8":4,"9":2,"10":4,"11":2,"12":2,"13":1,"14":1,"15":1,"16":2,"17":1,"18":0,"19":2,"20":1,"21":0,"22":0,"23":1,"24":1,"25":0,"26":0,"27":2,"28":0,"29":0,"30":0,"31":0,"32":0,"33":0,"34":0,"35":0,"36":0,"37":0,"38":0,"39":0,"40":0,"41":2,"42":0,"43":0,"44":2,"45":0,"46":0,"47":0,"48":2,"49":2,"50":1,"51":1,"52":0,"53":1,"54":0,"55":1,"56":2},"f":{"0":2,"1":4,"2":4,"3":4,"4":4,"5":1,"6":1,"7":1,"8":1,"9":0,"10":0,"11":0,"12":0,"13":0,"14":0,"15":0,"16":0,"17":2},"b":{"0":[0,1],"1":[0,1],"2":[0,0],"3":[1,1],"4":[0,1],"5":[0,1],"6":[2,0],"7":[0,0]},"_coverageSchema":"1a1c01bbd47fc00a2c39e90264f33305004495a9","hash":"b90b389206b1651c36745028df708227f66f30a7"}
,"C:\\Users\\nikhi\\Desktop\\projects\\SingleDiceBettingGame\\src\\components\\BetProcess\\styledComponents.js": {"path":"C:\\Users\\nikhi\\Desktop\\projects\\SingleDiceBettingGame\\src\\components\\BetProcess\\styledComponents.js","statementMap":{"0":{"start":{"line":3,"column":34},"end":{"line":7,"column":1}},"1":{"start":{"line":9,"column":27},"end":{"line":12,"column":1}},"2":{"start":{"line":14,"column":26},"end":{"line":17,"column":1}},"3":{"start":{"line":19,"column":26},"end":{"line":22,"column":1}},"4":{"start":{"line":24,"column":25},"end":{"line":29,"column":1}},"5":{"start":{"line":28,"column":23},"end":{"line":28,"column":52}},"6":{"start":{"line":31,"column":36},"end":{"line":36,"column":1}},"7":{"start":{"line":38,"column":28},"end":{"line":41,"column":1}}},"fnMap":{"0":{"name":"(anonymous_0)","decl":{"start":{"line":28,"column":11},"end":{"line":28,"column":12}},"loc":{"start":{"line":28,"column":23},"end":{"line":28,"column":52}},"line":28}},"branchMap":{"0":{"loc":{"start":{"line":28,"column":23},"end":{"line":28,"column":52}},"type":"cond-expr","locations":[{"start":{"line":28,"column":35},"end":{"line":28,"column":44}},{"start":{"line":28,"column":47},"end":{"line":28,"column":52}}],"line":28}},"s":{"0":1,"1":1,"2":1,"3":1,"4":1,"5":0,"6":1,"7":1},"f":{"0":0},"b":{"0":[0,0]},"_coverageSchema":"1a1c01bbd47fc00a2c39e90264f33305004495a9","hash":"a346a8b50292b2a0f219a844dd1b2fdbe3998d34"}
,"C:\\Users\\nikhi\\Desktop\\projects\\SingleDiceBettingGame\\src\\components\\BetTable\\index.js": {"path":"C:\\Users\\nikhi\\Desktop\\projects\\SingleDiceBettingGame\\src\\components\\BetTable\\index.js","statementMap":{"0":{"start":{"line":9,"column":2},"end":{"line":21,"column":4}},"1":{"start":{"line":12,"column":8},"end":{"line":18,"column":10}}},"fnMap":{"0":{"name":"BetTable","decl":{"start":{"line":7,"column":24},"end":{"line":7,"column":32}},"loc":{"start":{"line":7,"column":35},"end":{"line":22,"column":1}},"line":7},"1":{"name":"(anonymous_1)","decl":{"start":{"line":11,"column":21},"end":{"line":11,"column":22}},"loc":{"start":{"line":11,"column":40},"end":{"line":19,"column":7}},"line":11}},"branchMap":{},"s":{"0":2,"1":12},"f":{"0":2,"1":12},"b":{},"_coverageSchema":"1a1c01bbd47fc00a2c39e90264f33305004495a9","hash":"c098fdce49c9af9f3051293666cbd6d434e287e0"}
,"C:\\Users\\nikhi\\Desktop\\projects\\SingleDiceBettingGame\\src\\components\\BetTable\\styledComponents.js": {"path":"C:\\Users\\nikhi\\Desktop\\projects\\SingleDiceBettingGame\\src\\components\\BetTable\\styledComponents.js","statementMap":{"0":{"start":{"line":3,"column":38},"end":{"line":11,"column":1}}},"fnMap":{},"branchMap":{},"s":{"0":1},"f":{},"b":{},"_coverageSchema":"1a1c01bbd47fc00a2c39e90264f33305004495a9","hash":"9da121f23116ea1485197ed06e24cec5121e6bf1"}
,"C:\\Users\\nikhi\\Desktop\\projects\\SingleDiceBettingGame\\src\\routes\\BetGame\\index.js": {"path":"C:\\Users\\nikhi\\Desktop\\projects\\SingleDiceBettingGame\\src\\routes\\BetGame\\index.js","statementMap":{"0":{"start":{"line":14,"column":22},"end":{"line":14,"column":63}},"1":{"start":{"line":14,"column":45},"end":{"line":14,"column":62}},"2":{"start":{"line":16,"column":2},"end":{"line":29,"column":4}}},"fnMap":{"0":{"name":"BetGame","decl":{"start":{"line":12,"column":24},"end":{"line":12,"column":31}},"loc":{"start":{"line":12,"column":34},"end":{"line":30,"column":1}},"line":12},"1":{"name":"(anonymous_1)","decl":{"start":{"line":14,"column":34},"end":{"line":14,"column":35}},"loc":{"start":{"line":14,"column":45},"end":{"line":14,"column":62}},"line":14}},"branchMap":{},"s":{"0":2,"1":3,"2":1},"f":{"0":2,"1":3},"b":{},"_coverageSchema":"1a1c01bbd47fc00a2c39e90264f33305004495a9","hash":"796933c38025344234053ad2823df9cd84e65423"}
,"C:\\Users\\nikhi\\Desktop\\projects\\SingleDiceBettingGame\\src\\routes\\BetGame\\styledComponents.js": {"path":"C:\\Users\\nikhi\\Desktop\\projects\\SingleDiceBettingGame\\src\\routes\\BetGame\\styledComponents.js","statementMap":{"0":{"start":{"line":3,"column":36},"end":{"line":7,"column":1}},"1":{"start":{"line":9,"column":22},"end":{"line":15,"column":1}},"2":{"start":{"line":17,"column":34},"end":{"line":25,"column":1}},"3":{"start":{"line":27,"column":29},"end":{"line":34,"column":1}}},"fnMap":{},"branchMap":{},"s":{"0":1,"1":1,"2":1,"3":1},"f":{},"b":{},"_coverageSchema":"1a1c01bbd47fc00a2c39e90264f33305004495a9","hash":"6eca4d9ceaaa42f43de7199ff15f83565e6feba0"}
}
