TN:
SF:src\App.js
FN:3,App
FNF:1
FNH:1
FNDA:2,App
DA:4,2
LF:1
LH:1
BRF:0
BRH:0
end_of_record
TN:
SF:src\actionTypes.js
FNF:0
FNH:0
DA:1,1
DA:2,1
DA:3,1
DA:4,1
DA:5,1
DA:6,1
DA:7,1
LF:7
LH:7
BRF:0
BRH:0
end_of_record
TN:
SF:src\actions.js
FN:11,(anonymous_0)
FN:18,(anonymous_1)
FN:24,(anonymous_2)
FN:31,(anonymous_3)
FN:38,(anonymous_4)
FN:44,(anonymous_5)
FN:50,(anonymous_6)
FNF:7
FNH:1
FNDA:0,(anonymous_0)
FNDA:0,(anonymous_1)
FNDA:0,(anonymous_2)
FNDA:0,(anonymous_3)
FNDA:1,(anonymous_4)
FNDA:0,(anonymous_5)
FNDA:0,(anonymous_6)
DA:11,1
DA:12,0
DA:18,1
DA:19,0
DA:24,1
DA:25,0
DA:31,1
DA:32,0
DA:38,1
DA:39,1
DA:44,1
DA:45,0
DA:50,1
DA:51,0
LF:14
LH:8
BRF:0
BRH:0
end_of_record
TN:
SF:src\index.js
FNF:0
FNH:0
DA:9,0
DA:10,0
DA:21,0
LF:3
LH:0
BRF:0
BRH:0
end_of_record
TN:
SF:src\reducer.js
FN:26,(anonymous_0)
FNF:1
FNH:1
FNDA:2,(anonymous_0)
DA:10,1
DA:19,1
DA:26,1
DA:27,2
DA:29,0
DA:30,0
DA:31,0
DA:32,0
DA:33,0
DA:40,0
DA:46,0
DA:47,0
DA:53,1
DA:59,0
DA:65,0
DA:66,0
DA:72,1
LF:17
LH:6
BRDA:26,0,0,1
BRDA:27,1,0,0
BRDA:27,1,1,0
BRDA:27,1,2,0
BRDA:27,1,3,1
BRDA:27,1,4,0
BRDA:27,1,5,0
BRDA:27,1,6,1
BRF:8
BRH:3
end_of_record
TN:
SF:src\reportWebVitals.js
FN:1,(anonymous_0)
FN:3,(anonymous_1)
FNF:2
FNH:0
FNDA:0,(anonymous_0)
FNDA:0,(anonymous_1)
DA:1,0
DA:2,0
DA:3,0
DA:4,0
DA:5,0
DA:6,0
DA:7,0
DA:8,0
LF:8
LH:0
BRDA:2,0,0,0
BRDA:2,0,1,0
BRDA:2,1,0,0
BRDA:2,1,1,0
BRF:4
BRH:0
end_of_record
TN:
SF:src\store.js
FNF:0
FNH:0
DA:4,1
LF:1
LH:1
BRF:0
BRH:0
end_of_record
TN:
SF:src\Config\Constants.js
FNF:0
FNH:0
DA:1,1
DA:10,1
LF:2
LH:2
BRF:0
BRH:0
end_of_record
TN:
SF:src\components\BetItemPlacer\index.js
FN:11,BetItemPlacer
FN:15,(anonymous_1)
FN:16,(anonymous_2)
FN:17,(anonymous_3)
FN:18,(anonymous_4)
FN:23,(anonymous_5)
FNF:6
FNH:5
FNDA:12,BetItemPlacer
FNDA:24,(anonymous_1)
FNDA:24,(anonymous_2)
FNDA:24,(anonymous_3)
FNDA:24,(anonymous_4)
FNDA:0,(anonymous_5)
DA:15,24
DA:16,24
DA:17,24
DA:18,24
DA:19,12
DA:21,12
DA:23,12
DA:24,0
DA:25,0
DA:27,0
DA:31,12
LF:11
LH:8
BRDA:21,0,0,0
BRDA:21,0,1,12
BRDA:24,1,0,0
BRDA:24,1,1,0
BRF:4
BRH:1
end_of_record
TN:
SF:src\components\BetItemPlacer\styleComponents.js
FN:13,(anonymous_0)
FNF:1
FNH:1
FNDA:12,(anonymous_0)
DA:4,1
DA:13,12
DA:17,1
DA:22,1
DA:33,1
DA:39,1
LF:6
LH:6
BRDA:13,0,0,0
BRDA:13,0,1,12
BRF:2
BRH:1
end_of_record
TN:
SF:src\components\BetProcess\index.js
FN:20,BetProcess
FN:25,(anonymous_1)
FN:26,(anonymous_2)
FN:27,(anonymous_3)
FN:28,(anonymous_4)
FN:32,(anonymous_5)
FN:34,(anonymous_6)
FN:39,(anonymous_7)
FN:45,(anonymous_8)
FN:52,(anonymous_9)
FN:53,(anonymous_10)
FN:57,(anonymous_11)
FN:63,(anonymous_12)
FN:71,(anonymous_13)
FN:76,(anonymous_14)
FN:77,(anonymous_15)
FN:82,(anonymous_16)
FN:88,(anonymous_17)
FNF:18
FNH:10
FNDA:2,BetProcess
FNDA:4,(anonymous_1)
FNDA:4,(anonymous_2)
FNDA:4,(anonymous_3)
FNDA:4,(anonymous_4)
FNDA:1,(anonymous_5)
FNDA:1,(anonymous_6)
FNDA:1,(anonymous_7)
FNDA:1,(anonymous_8)
FNDA:0,(anonymous_9)
FNDA:0,(anonymous_10)
FNDA:0,(anonymous_11)
FNDA:0,(anonymous_12)
FNDA:0,(anonymous_13)
FNDA:0,(anonymous_14)
FNDA:0,(anonymous_15)
FNDA:0,(anonymous_16)
FNDA:2,(anonymous_17)
DA:21,2
DA:22,2
DA:23,2
DA:25,4
DA:26,4
DA:27,4
DA:28,4
DA:30,2
DA:32,2
DA:33,1
DA:34,1
DA:35,1
DA:39,2
DA:42,1
DA:45,2
DA:46,1
DA:47,0
DA:48,0
DA:51,1
DA:52,1
DA:53,0
DA:57,2
DA:58,0
DA:60,0
DA:61,0
DA:62,0
DA:63,0
DA:64,0
DA:65,0
DA:66,0
DA:67,0
DA:68,0
DA:71,0
DA:72,0
DA:76,2
DA:77,0
DA:78,0
DA:82,2
DA:83,0
DA:84,0
DA:85,0
DA:88,2
DA:89,2
DA:90,1
DA:96,1
DA:98,1
DA:99,0
DA:101,1
DA:104,2
LF:49
LH:28
BRDA:42,0,0,0
BRDA:42,0,1,1
BRDA:46,1,0,0
BRDA:46,1,1,1
BRDA:58,2,0,0
BRDA:58,2,1,0
BRDA:89,3,0,1
BRDA:89,3,1,1
BRDA:96,4,0,0
BRDA:96,4,1,1
BRDA:98,5,0,0
BRDA:98,5,1,1
BRDA:109,6,0,2
BRDA:109,6,1,0
BRDA:111,7,0,0
BRDA:111,7,1,0
BRF:16
BRH:7
end_of_record
TN:
SF:src\components\BetProcess\styledComponents.js
FN:28,(anonymous_0)
FNF:1
FNH:0
FNDA:0,(anonymous_0)
DA:3,1
DA:9,1
DA:14,1
DA:19,1
DA:24,1
DA:28,0
DA:31,1
DA:38,1
LF:8
LH:7
BRDA:28,0,0,0
BRDA:28,0,1,0
BRF:2
BRH:0
end_of_record
TN:
SF:src\components\BetTable\index.js
FN:7,BetTable
FN:11,(anonymous_1)
FNF:2
FNH:2
FNDA:2,BetTable
FNDA:12,(anonymous_1)
DA:9,2
DA:12,12
LF:2
LH:2
BRF:0
BRH:0
end_of_record
TN:
SF:src\components\BetTable\styledComponents.js
FNF:0
FNH:0
DA:3,1
LF:1
LH:1
BRF:0
BRH:0
end_of_record
TN:
SF:src\routes\BetGame\index.js
FN:12,BetGame
FN:14,(anonymous_1)
FNF:2
FNH:2
FNDA:2,BetGame
FNDA:3,(anonymous_1)
DA:14,3
DA:16,1
LF:2
LH:2
BRF:0
BRH:0
end_of_record
TN:
SF:src\routes\BetGame\styledComponents.js
FNF:0
FNH:0
DA:3,1
DA:9,1
DA:17,1
DA:27,1
LF:4
LH:4
BRF:0
BRH:0
end_of_record
